# JRE version: OpenJDK Runtime Environment (8.0_111-b14) (build 1.8.0_111-8u111-b14-2ubuntu0.16.04.2-b14)
# Java VM: OpenJDK 64-Bit Server VM (25.111-b14 mixed mode linux-amd64 compressed oops)
Heap:
 PSYoungGen      total 128512K, used 384K [0x00000000ebc00000, 0x00000000f3b00000, 0x0000000100000000)
  eden space 126976K, 0% used [0x00000000ebc00000,0x00000000ebc00000,0x00000000f3800000)
  from space 1536K, 25% used [0x00000000f3800000,0x00000000f3860010,0x00000000f3980000)
  to   space 1536K, 0% used [0x00000000f3980000,0x00000000f3980000,0x00000000f3b00000)
 ParOldGen       total 42496K, used 1148K [0x00000000c3400000, 0x00000000c5d80000, 0x00000000ebc00000)
  object space 42496K, 2% used [0x00000000c3400000,0x00000000c351f180,0x00000000c5d80000)
 Metaspace       used 4768K, capacity 5056K, committed 5248K, reserved 1056768K
  class space    used 527K, capacity 602K, committed 640K, reserved 1048576K
GC Heap History (10 events):
Event: 2,075 GC heap after
Heap after GC invocations=2 (full 0):
 PSYoungGen      total 34304K, used 1264K [0x00000000ebc00000, 0x00000000ee000000, 0x0000000100000000)
  eden space 31744K, 0% used [0x00000000ebc00000,0x00000000ebc00000,0x00000000edb00000)
  from space 2560K, 49% used [0x00000000edd80000,0x00000000edebc130,0x00000000ee000000)
  to   space 2560K, 0% used [0x00000000edb00000,0x00000000edb00000,0x00000000edd80000)
 ParOldGen       total 42496K, used 8K [0x00000000c3400000, 0x00000000c5d80000, 0x00000000ebc00000)
  object space 42496K, 0% used [0x00000000c3400000,0x00000000c3402000,0x00000000c5d80000)
 Metaspace       used 4633K, capacity 4992K, committed 5248K, reserved 1056768K
  class space    used 520K, capacity 602K, committed 640K, reserved 1048576K
}
Event: 3,696 GC heap before
{Heap before GC invocations=3 (full 0):
 PSYoungGen      total 34304K, used 33008K [0x00000000ebc00000, 0x00000000ee000000, 0x0000000100000000)
  eden space 31744K, 100% used [0x00000000ebc00000,0x00000000edb00000,0x00000000edb00000)
  from space 2560K, 49% used [0x00000000edd80000,0x00000000edebc130,0x00000000ee000000)
  to   space 2560K, 0% used [0x00000000edb00000,0x00000000edb00000,0x00000000edd80000)
 ParOldGen       total 42496K, used 8K [0x00000000c3400000, 0x00000000c5d80000, 0x00000000ebc00000)
  object space 42496K, 0% used [0x00000000c3400000,0x00000000c3402000,0x00000000c5d80000)
 Metaspace       used 4662K, capacity 4992K, committed 5248K, reserved 1056768K
  class space    used 520K, capacity 602K, committed 640K, reserved 1048576K
Event: 3,706 GC heap after
Heap after GC invocations=3 (full 0):
 PSYoungGen      total 34304K, used 1264K [0x00000000ebc00000, 0x00000000eff00000, 0x0000000100000000)
  eden space 31744K, 0% used [0x00000000ebc00000,0x00000000ebc00000,0x00000000edb00000)
  from space 2560K, 49% used [0x00000000edb00000,0x00000000edc3c130,0x00000000edd80000)
  to   space 2560K, 0% used [0x00000000efc80000,0x00000000efc80000,0x00000000eff00000)
 ParOldGen       total 42496K, used 16K [0x00000000c3400000, 0x00000000c5d80000, 0x00000000ebc00000)
  object space 42496K, 0% used [0x00000000c3400000,0x00000000c3404000,0x00000000c5d80000)
 Metaspace       used 4662K, capacity 4992K, committed 5248K, reserved 1056768K
  class space    used 520K, capacity 602K, committed 640K, reserved 1048576K
}
Event: 4,895 GC heap before
{Heap before GC invocations=4 (full 0):
 PSYoungGen      total 34304K, used 33008K [0x00000000ebc00000, 0x00000000eff00000, 0x0000000100000000)
  eden space 31744K, 100% used [0x00000000ebc00000,0x00000000edb00000,0x00000000edb00000)
  from space 2560K, 49% used [0x00000000edb00000,0x00000000edc3c130,0x00000000edd80000)
  to   space 2560K, 0% used [0x00000000efc80000,0x00000000efc80000,0x00000000eff00000)
 ParOldGen       total 42496K, used 16K [0x00000000c3400000, 0x00000000c5d80000, 0x00000000ebc00000)
  object space 42496K, 0% used [0x00000000c3400000,0x00000000c3404000,0x00000000c5d80000)
 Metaspace       used 4693K, capacity 4992K, committed 5248K, reserved 1056768K
  class space    used 522K, capacity 602K, committed 640K, reserved 1048576K
Event: 4,932 GC heap after
Heap after GC invocations=4 (full 0):
 PSYoungGen      total 66048K, used 1376K [0x00000000ebc00000, 0x00000000eff00000, 0x0000000100000000)
  eden space 63488K, 0% used [0x00000000ebc00000,0x00000000ebc00000,0x00000000efa00000)
  from space 2560K, 53% used [0x00000000efc80000,0x00000000efdd8140,0x00000000eff00000)
  to   space 2560K, 0% used [0x00000000efa00000,0x00000000efa00000,0x00000000efc80000)
 ParOldGen       total 42496K, used 24K [0x00000000c3400000, 0x00000000c5d80000, 0x00000000ebc00000)
  object space 42496K, 0% used [0x00000000c3400000,0x00000000c3406000,0x00000000c5d80000)
 Metaspace       used 4693K, capacity 4992K, committed 5248K, reserved 1056768K
  class space    used 522K, capacity 602K, committed 640K, reserved 1048576K
}
Event: 6,906 GC heap before
{Heap before GC invocations=5 (full 0):
 PSYoungGen      total 66048K, used 64864K [0x00000000ebc00000, 0x00000000eff00000, 0x0000000100000000)
  eden space 63488K, 100% used [0x00000000ebc00000,0x00000000efa00000,0x00000000efa00000)
  from space 2560K, 53% used [0x00000000efc80000,0x00000000efdd8140,0x00000000eff00000)
  to   space 2560K, 0% used [0x00000000efa00000,0x00000000efa00000,0x00000000efc80000)
 ParOldGen       total 42496K, used 24K [0x00000000c3400000, 0x00000000c5d80000, 0x00000000ebc00000)
  object space 42496K, 0% used [0x00000000c3400000,0x00000000c3406000,0x00000000c5d80000)
 Metaspace       used 4699K, capacity 4992K, committed 5248K, reserved 1056768K
  class space    used 523K, capacity 602K, committed 640K, reserved 1048576K
Event: 6,933 GC heap after
Heap after GC invocations=5 (full 0):
 PSYoungGen      total 66048K, used 1360K [0x00000000ebc00000, 0x00000000f3b00000, 0x0000000100000000)
  eden space 63488K, 0% used [0x00000000ebc00000,0x00000000ebc00000,0x00000000efa00000)
  from space 2560K, 53% used [0x00000000efa00000,0x00000000efb54140,0x00000000efc80000)
  to   space 1536K, 0% used [0x00000000f3980000,0x00000000f3980000,0x00000000f3b00000)
 ParOldGen       total 42496K, used 24K [0x00000000c3400000, 0x00000000c5d80000, 0x00000000ebc00000)
  object space 42496K, 0% used [0x00000000c3400000,0x00000000c3406000,0x00000000c5d80000)
 Metaspace       used 4699K, capacity 4992K, committed 5248K, reserved 1056768K
  class space    used 523K, capacity 602K, committed 640K, reserved 1048576K
}
Event: 9,542 GC heap before
{Heap before GC invocations=6 (full 0):
 PSYoungGen      total 66048K, used 64848K [0x00000000ebc00000, 0x00000000f3b00000, 0x0000000100000000)
  eden space 63488K, 100% used [0x00000000ebc00000,0x00000000efa00000,0x00000000efa00000)
  from space 2560K, 53% used [0x00000000efa00000,0x00000000efb54140,0x00000000efc80000)
  to   space 1536K, 0% used [0x00000000f3980000,0x00000000f3980000,0x00000000f3b00000)
 ParOldGen       total 42496K, used 24K [0x00000000c3400000, 0x00000000c5d80000, 0x00000000ebc00000)
  object space 42496K, 0% used [0x00000000c3400000,0x00000000c3406000,0x00000000c5d80000)
 Metaspace       used 4702K, capacity 4992K, committed 5248K, reserved 1056768K
  class space    used 523K, capacity 602K, committed 640K, reserved 1048576K
Event: 9,582 GC heap after
Heap after GC invocations=6 (full 0):
 PSYoungGen      total 128512K, used 1424K [0x00000000ebc00000, 0x00000000f3b00000, 0x0000000100000000)
  eden space 126976K, 0% used [0x00000000ebc00000,0x00000000ebc00000,0x00000000f3800000)
  from space 1536K, 92% used [0x00000000f3980000,0x00000000f3ae4120,0x00000000f3b00000)
  to   space 1536K, 0% used [0x00000000f3800000,0x00000000f3800000,0x00000000f3980000)
 ParOldGen       total 42496K, used 32K [0x00000000c3400000, 0x00000000c5d80000, 0x00000000ebc00000)
  object space 42496K, 0% used [0x00000000c3400000,0x00000000c3408000,0x00000000c5d80000)
 Metaspace       used 4702K, capacity 4992K, committed 5248K, reserved 1056768K
  class space    used 523K, capacity 602K, committed 640K, reserved 1048576K
}
Event: 16,239 GC heap before
{Heap before GC invocations=7 (full 0):
 PSYoungGen      total 128512K, used 128400K [0x00000000ebc00000, 0x00000000f3b00000, 0x0000000100000000)
  eden space 126976K, 100% used [0x00000000ebc00000,0x00000000f3800000,0x00000000f3800000)
  from space 1536K, 92% used [0x00000000f3980000,0x00000000f3ae4120,0x00000000f3b00000)
  to   space 1536K, 0% used [0x00000000f3800000,0x00000000f3800000,0x00000000f3980000)
 ParOldGen       total 42496K, used 32K [0x00000000c3400000, 0x00000000c5d80000, 0x00000000ebc00000)
  object space 42496K, 0% used [0x00000000c3400000,0x00000000c3408000,0x00000000c5d80000)
 Metaspace       used 4768K, capacity 5056K, committed 5248K, reserved 1056768K
  class space    used 527K, capacity 602K, committed 640K, reserved 1048576K

